<?xml version="1.0" encoding="UTF-8"?>
<!-- Generated by org.testng.reporters.JUnitReportReporter -->
<testsuite hostname="DESKTOP-1UIQG5E" failures="0" tests="3" name="LoginTest" time="62.456" errors="0" timestamp="2023-07-12T17:24:43 IST" skipped="0">
  <testcase classname="LoginTest" name="loginTest" time="20.605"/>
  <system-out/>
  <testcase classname="LoginTest" name="loginTest" time="31.579"/>
  <system-out/>
  <testcase classname="LoginTest" name="loginTest" time="10.272"/>
  <system-out/>
</testsuite> <!-- LoginTest -->
